<?xml version="1.0" encoding="UTF-8"?>
<testng-results ignored="0" total="2" passed="2" failed="0" skipped="0">
  <reporter-output>
  </reporter-output>
  <suite started-at="2022-03-19T23:58:15Z" name="Practice Suite" finished-at="2022-03-19T23:58:22Z" duration-ms="7200">
    <groups>
    </groups>
    <test started-at="2022-03-19T23:58:15Z" name="Test Basics 1" finished-at="2022-03-19T23:58:22Z" duration-ms="7200">
      <class name="testing.Activity1">
        <test-method signature="foo()[pri:0, instance:testing.Activity1@3a079870]" started-at="2022-03-19T23:58:15Z" name="foo" finished-at="2022-03-19T23:58:18Z" duration-ms="2775" status="PASS">
          <reporter-output>
          </reporter-output>
        </test-method> <!-- foo -->
        <test-method signature="foo1()[pri:0, instance:testing.Activity1@3a079870]" started-at="2022-03-19T23:58:18Z" name="foo1" finished-at="2022-03-19T23:58:22Z" duration-ms="4400" status="PASS">
          <reporter-output>
          </reporter-output>
        </test-method> <!-- foo1 -->
      </class> <!-- testing.Activity1 -->
    </test> <!-- Test Basics 1 -->
  </suite> <!-- Practice Suite -->
</testng-results>
